14:55:43.558 skipping bootstrap configuration: could not find or read file: classpath:karate-config.js
14:55:48.806 request:
1 > GET https://reqres.in/api/users/2
1 > Accept-Encoding: gzip,deflate
1 > Connection: Keep-Alive
1 > Host: reqres.in
1 > User-Agent: Apache-HttpClient/4.5.11 (Java/1.8.0_221)

14:55:50.203 response time in milliseconds: 1193.11
1 < 200
1 < Access-Control-Allow-Origin: *
1 < Age: 6367
1 < CF-Cache-Status: HIT
1 < CF-RAY: 7a4a0887eb051bcc-BOM
1 < Cache-Control: max-age=14400
1 < Connection: keep-alive
1 < Content-Type: application/json; charset=utf-8
1 < Date: Wed, 08 Mar 2023 09:25:51 GMT
1 < Etag: W/"118-pbdwwFo9SKNhD3Lx5iHJyngpq00"
1 < NEL: {"success_fraction":0,"report_to":"cf-nel","max_age":604800}
1 < Report-To: {"endpoints":[{"url":"https:\/\/a.nel.cloudflare.com\/report\/v3?s=qGCou%2FlVzzX2BHO%2BtRn6xHT05rJypoBuJUJ7Vq08hACPUnz7dXcrHnMk0Ql6HbA4P1ZQshTYonHiXliWFsNsWC6zkhXPqJ7cclHRZ6mOXkw6sy8n%2F%2BLY6fS6Pg%3D%3D"}],"group":"cf-nel","max_age":604800}
1 < Server: cloudflare
1 < Transfer-Encoding: chunked
1 < Vary: Accept-Encoding
1 < Via: 1.1 vegur
1 < X-Powered-By: Express
{"data":{"id":2,"email":"janet.weaver@reqres.in","first_name":"Janet","last_name":"Weaver","avatar":"https://reqres.in/img/faces/2-image.jpg"},"support":{"url":"https://reqres.in/#support-heading","text":"To keep ReqRes free, contributions towards server costs are appreciated!"}}

